{"contracts/finayNFT.sol":{"l":{"36":28,"37":4,"42":24,"47":0,"48":0,"53":0,"71":455,"72":455,"74":455,"75":455,"76":455,"86":6,"94":12,"102":3,"120":3,"121":3,"144":40,"145":1,"151":39,"153":39,"155":39,"157":39,"159":39,"161":39,"163":39,"165":31,"186":39,"204":2,"210":0},"path":"/home/user/Documents/Projects/finay/contracts/finayNFT.sol","s":{"1":28,"2":0,"3":455,"4":455,"5":3,"6":40,"7":39,"8":39,"9":39,"10":39,"11":39,"12":39,"13":31,"14":39,"15":2},"b":{"1":[4,24],"2":[0,0],"3":[455,1],"4":[6,1],"5":[12,1],"6":[3,1],"7":[3,1],"8":[40,0],"9":[1,39],"10":[0,1],"11":[0,0]},"f":{"1":28,"2":0,"3":455,"4":6,"5":12,"6":3,"7":3,"8":40,"9":39,"10":2,"11":0},"fnMap":{"1":{"name":"onlySuperAdmin","line":34,"loc":{"start":{"line":34,"column":4},"end":{"line":43,"column":4}}},"2":{"name":"checkSubAdmin","line":45,"loc":{"start":{"line":45,"column":5},"end":{"line":54,"column":4}}},"3":{"name":"initialize","line":70,"loc":{"start":{"line":66,"column":4},"end":{"line":77,"column":4}}},"4":{"name":"assignAdmin","line":85,"loc":{"start":{"line":85,"column":4},"end":{"line":87,"column":4}}},"5":{"name":"removeAdmin","line":93,"loc":{"start":{"line":93,"column":4},"end":{"line":95,"column":4}}},"6":{"name":"updateAdmin","line":101,"loc":{"start":{"line":101,"column":4},"end":{"line":103,"column":4}}},"7":{"name":"safeMint","line":119,"loc":{"start":{"line":114,"column":8},"end":{"line":122,"column":4}}},"8":{"name":"lazyMint","line":141,"loc":{"start":{"line":134,"column":4},"end":{"line":167,"column":4}}},"9":{"name":"uri","line":183,"loc":{"start":{"line":183,"column":4},"end":{"line":187,"column":4}}},"10":{"name":"supportsInterface","line":194,"loc":{"start":{"line":194,"column":11},"end":{"line":207,"column":4}}},"11":{"name":"updateMarketplace","line":209,"loc":{"start":{"line":209,"column":4},"end":{"line":211,"column":4}}}},"statementMap":{"1":{"start":{"line":36,"column":8},"end":{"line":36,"column":1438}},"2":{"start":{"line":47,"column":8},"end":{"line":47,"column":1730}},"3":{"start":{"line":71,"column":8},"end":{"line":71,"column":28}},"4":{"start":{"line":72,"column":8},"end":{"line":72,"column":33}},"5":{"start":{"line":121,"column":8},"end":{"line":121,"column":41}},"6":{"start":{"line":144,"column":8},"end":{"line":144,"column":4758}},"7":{"start":{"line":151,"column":8},"end":{"line":151,"column":44}},"8":{"start":{"line":153,"column":8},"end":{"line":153,"column":55}},"9":{"start":{"line":155,"column":8},"end":{"line":155,"column":35}},"10":{"start":{"line":157,"column":8},"end":{"line":157,"column":53}},"11":{"start":{"line":161,"column":8},"end":{"line":161,"column":64}},"12":{"start":{"line":163,"column":8},"end":{"line":163,"column":52}},"13":{"start":{"line":165,"column":8},"end":{"line":165,"column":46}},"14":{"start":{"line":186,"column":8},"end":{"line":186,"column":19}},"15":{"start":{"line":204,"column":8},"end":{"line":204,"column":6458}}},"branchMap":{"1":{"line":36,"type":"if","locations":[{"start":{"line":36,"column":8},"end":{"line":36,"column":8}},{"start":{"line":36,"column":8},"end":{"line":36,"column":8}}]},"2":{"line":47,"type":"if","locations":[{"start":{"line":47,"column":8},"end":{"line":47,"column":8}},{"start":{"line":47,"column":8},"end":{"line":47,"column":8}}]},"3":{"line":70,"type":"if","locations":[{"start":{"line":70,"column":11},"end":{"line":70,"column":11}},{"start":{"line":70,"column":11},"end":{"line":70,"column":11}}]},"4":{"line":85,"type":"if","locations":[{"start":{"line":85,"column":50},"end":{"line":85,"column":50}},{"start":{"line":85,"column":50},"end":{"line":85,"column":50}}]},"5":{"line":93,"type":"if","locations":[{"start":{"line":93,"column":50},"end":{"line":93,"column":50}},{"start":{"line":93,"column":50},"end":{"line":93,"column":50}}]},"6":{"line":101,"type":"if","locations":[{"start":{"line":101,"column":50},"end":{"line":101,"column":50}},{"start":{"line":101,"column":50},"end":{"line":101,"column":50}}]},"7":{"line":119,"type":"if","locations":[{"start":{"line":119,"column":13},"end":{"line":119,"column":13}},{"start":{"line":119,"column":13},"end":{"line":119,"column":13}}]},"8":{"line":141,"type":"if","locations":[{"start":{"line":141,"column":13},"end":{"line":141,"column":13}},{"start":{"line":141,"column":13},"end":{"line":141,"column":13}}]},"9":{"line":144,"type":"if","locations":[{"start":{"line":144,"column":8},"end":{"line":144,"column":8}},{"start":{"line":144,"column":8},"end":{"line":144,"column":8}}]},"10":{"line":205,"type":"cond-expr","locations":[{"start":{"line":205,"column":12},"end":{"line":205,"column":63}},{"start":{"line":206,"column":12},"end":{"line":206,"column":47}}]},"11":{"line":209,"type":"if","locations":[{"start":{"line":209,"column":65},"end":{"line":209,"column":65}},{"start":{"line":209,"column":65},"end":{"line":209,"column":65}}]}}},"contracts/interfaces/IFinayNFT.sol":{"l":{},"path":"/home/user/Documents/Projects/finay/contracts/interfaces/IFinayNFT.sol","s":{},"b":{},"f":{},"fnMap":{},"statementMap":{},"branchMap":{}},"contracts/library/Structs.sol":{"l":{},"path":"/home/user/Documents/Projects/finay/contracts/library/Structs.sol","s":{},"b":{},"f":{},"fnMap":{},"statementMap":{},"branchMap":{}},"contracts/Marketplace.sol":{"l":{"30":33,"31":5,"36":28,"41":50,"42":2,"47":48,"70":420,"71":420,"72":420,"83":12,"92":13,"100":3,"126":44,"127":4,"132":40,"133":1,"136":39,"137":26,"142":13,"169":4,"170":3,"173":1,"174":1,"175":1,"177":0,"180":50,"181":0,"182":0,"183":0,"188":50},"path":"/home/user/Documents/Projects/finay/contracts/Marketplace.sol","s":{"1":33,"2":50,"3":44,"4":40,"5":39,"6":26,"7":13,"8":4,"9":1,"10":1,"11":1,"12":0,"13":50,"14":0,"15":0,"16":50},"b":{"1":[5,28],"2":[2,48],"3":[420,1],"4":[12,1],"5":[13,1],"6":[3,3],"7":[44,1],"8":[4,40],"9":[2,1],"10":[1,1],"11":[1,39],"12":[1,0],"13":[0,0],"14":[26,13],"15":[4,1],"16":[3,1],"17":[1,1],"18":[1,0],"19":[0,1],"20":[0,50]},"f":{"1":33,"2":50,"3":420,"4":12,"5":13,"6":3,"7":44,"8":4,"9":50},"fnMap":{"1":{"name":"onlySuperAdmin","line":28,"loc":{"start":{"line":28,"column":4},"end":{"line":37,"column":4}}},"2":{"name":"checkSubAdmin","line":39,"loc":{"start":{"line":39,"column":4},"end":{"line":48,"column":4}}},"3":{"name":"initialize","line":69,"loc":{"start":{"line":69,"column":4},"end":{"line":73,"column":4}}},"4":{"name":"assignAdmin","line":82,"loc":{"start":{"line":82,"column":4},"end":{"line":84,"column":4}}},"5":{"name":"removeAdmin","line":91,"loc":{"start":{"line":91,"column":4},"end":{"line":93,"column":4}}},"6":{"name":"updateAdmin","line":99,"loc":{"start":{"line":99,"column":4},"end":{"line":101,"column":4}}},"7":{"name":"buyNFT","line":122,"loc":{"start":{"line":115,"column":4},"end":{"line":144,"column":4}}},"8":{"name":"buyBatchNFT","line":165,"loc":{"start":{"line":157,"column":4},"end":{"line":178,"column":4}}},"9":{"name":"_msgSender","line":179,"loc":{"start":{"line":179,"column":4},"end":{"line":190,"column":4}}}},"statementMap":{"1":{"start":{"line":30,"column":8},"end":{"line":30,"column":990}},"2":{"start":{"line":41,"column":8},"end":{"line":41,"column":1277}},"3":{"start":{"line":126,"column":12},"end":{"line":126,"column":4047}},"4":{"start":{"line":132,"column":12},"end":{"line":132,"column":4347}},"5":{"start":{"line":136,"column":12},"end":{"line":136,"column":4461}},"6":{"start":{"line":137,"column":12},"end":{"line":137,"column":93}},"7":{"start":{"line":142,"column":12},"end":{"line":142,"column":92}},"8":{"start":{"line":169,"column":8},"end":{"line":169,"column":5903}},"9":{"start":{"line":173,"column":8},"end":{"line":173,"column":38}},"10":{"start":{"line":174,"column":8},"end":{"line":174,"column":6161}},"11":{"start":{"line":175,"column":12},"end":{"line":175,"column":125}},"12":{"start":{"line":177,"column":8},"end":{"line":177,"column":51}},"13":{"start":{"line":180,"column":8},"end":{"line":180,"column":6500}},"14":{"start":{"line":181,"column":12},"end":{"line":181,"column":41}},"15":{"start":{"line":182,"column":12},"end":{"line":182,"column":43}},"16":{"start":{"line":188,"column":12},"end":{"line":188,"column":29}}},"branchMap":{"1":{"line":30,"type":"if","locations":[{"start":{"line":30,"column":8},"end":{"line":30,"column":8}},{"start":{"line":30,"column":8},"end":{"line":30,"column":8}}]},"2":{"line":41,"type":"if","locations":[{"start":{"line":41,"column":8},"end":{"line":41,"column":8}},{"start":{"line":41,"column":8},"end":{"line":41,"column":8}}]},"3":{"line":69,"type":"if","locations":[{"start":{"line":69,"column":62},"end":{"line":69,"column":62}},{"start":{"line":69,"column":62},"end":{"line":69,"column":62}}]},"4":{"line":82,"type":"if","locations":[{"start":{"line":82,"column":50},"end":{"line":82,"column":50}},{"start":{"line":82,"column":50},"end":{"line":82,"column":50}}]},"5":{"line":91,"type":"if","locations":[{"start":{"line":91,"column":50},"end":{"line":91,"column":50}},{"start":{"line":91,"column":50},"end":{"line":91,"column":50}}]},"6":{"line":99,"type":"if","locations":[{"start":{"line":99,"column":50},"end":{"line":99,"column":50}},{"start":{"line":99,"column":50},"end":{"line":99,"column":50}}]},"7":{"line":122,"type":"if","locations":[{"start":{"line":122,"column":32},"end":{"line":122,"column":32}},{"start":{"line":122,"column":32},"end":{"line":122,"column":32}}]},"8":{"line":126,"type":"if","locations":[{"start":{"line":126,"column":12},"end":{"line":126,"column":12}},{"start":{"line":126,"column":12},"end":{"line":126,"column":12}}]},"9":{"line":126,"type":"cond-expr","locations":[{"start":{"line":126,"column":15},"end":{"line":126,"column":33}},{"start":{"line":126,"column":38},"end":{"line":126,"column":55}}]},"10":{"line":126,"type":"cond-expr","locations":[{"start":{"line":126,"column":15},"end":{"line":126,"column":55}},{"start":{"line":126,"column":60},"end":{"line":126,"column":85}}]},"11":{"line":132,"type":"if","locations":[{"start":{"line":132,"column":12},"end":{"line":132,"column":12}},{"start":{"line":132,"column":12},"end":{"line":132,"column":12}}]},"12":{"line":132,"type":"cond-expr","locations":[{"start":{"line":132,"column":15},"end":{"line":132,"column":24}},{"start":{"line":132,"column":29},"end":{"line":132,"column":39}}]},"13":{"line":132,"type":"cond-expr","locations":[{"start":{"line":132,"column":15},"end":{"line":132,"column":39}},{"start":{"line":132,"column":44},"end":{"line":132,"column":57}}]},"14":{"line":136,"type":"if","locations":[{"start":{"line":136,"column":12},"end":{"line":136,"column":12}},{"start":{"line":136,"column":12},"end":{"line":136,"column":12}}]},"15":{"line":165,"type":"if","locations":[{"start":{"line":165,"column":15},"end":{"line":165,"column":15}},{"start":{"line":165,"column":15},"end":{"line":165,"column":15}}]},"16":{"line":169,"type":"if","locations":[{"start":{"line":169,"column":8},"end":{"line":169,"column":8}},{"start":{"line":169,"column":8},"end":{"line":169,"column":8}}]},"17":{"line":169,"type":"cond-expr","locations":[{"start":{"line":169,"column":11},"end":{"line":169,"column":43}},{"start":{"line":169,"column":48},"end":{"line":169,"column":79}}]},"18":{"line":169,"type":"cond-expr","locations":[{"start":{"line":169,"column":11},"end":{"line":169,"column":79}},{"start":{"line":169,"column":84},"end":{"line":169,"column":117}}]},"19":{"line":169,"type":"cond-expr","locations":[{"start":{"line":169,"column":11},"end":{"line":169,"column":117}},{"start":{"line":169,"column":122},"end":{"line":169,"column":157}}]},"20":{"line":180,"type":"if","locations":[{"start":{"line":180,"column":8},"end":{"line":180,"column":8}},{"start":{"line":180,"column":8},"end":{"line":180,"column":8}}]}}},"contracts/OwnedUpgradeableProxy.sol":{"l":{"36":0,"44":0,"45":0,"54":0,"55":0,"65":0,"66":0,"75":0,"76":0,"86":0,"87":0,"88":0,"96":0,"107":0,"108":0,"109":0,"117":0,"121":0,"129":0,"130":0,"140":0,"141":0,"151":0,"152":0,"153":0,"154":0,"158":0,"159":0,"161":0,"162":0,"163":0,"180":0,"181":0},"path":"/home/user/Documents/Projects/finay/contracts/OwnedUpgradeableProxy.sol","s":{"1":0,"2":0,"3":0,"4":0,"5":0,"6":0,"7":0,"8":0,"9":0,"10":0,"11":0,"12":0,"13":0,"14":0,"15":0,"16":0,"17":0,"18":0,"19":0,"20":0,"21":0,"22":0,"23":0,"24":0},"b":{"1":[0,0],"2":[0,0],"3":[0,0],"4":[0,0],"5":[0,0],"6":[0,0],"7":[0,0],"8":[0,0],"9":[0,0],"10":[0,0],"11":[0,0]},"f":{"1":0,"2":0,"3":0,"4":0,"5":0,"6":0,"7":0,"8":0,"9":0,"10":0,"11":0,"12":0,"13":0,"14":0},"fnMap":{"1":{"name":"constructor","line":35,"loc":{"start":{"line":35,"column":4},"end":{"line":37,"column":4}}},"2":{"name":"maintenance","line":43,"loc":{"start":{"line":43,"column":4},"end":{"line":48,"column":4}}},"3":{"name":"setMaintenance","line":53,"loc":{"start":{"line":53,"column":4},"end":{"line":58,"column":4}}},"4":{"name":"proxyOwner","line":64,"loc":{"start":{"line":64,"column":4},"end":{"line":69,"column":4}}},"5":{"name":"setUpgradeabilityOwner","line":74,"loc":{"start":{"line":74,"column":4},"end":{"line":79,"column":4}}},"6":{"name":"transferProxyOwnership","line":85,"loc":{"start":{"line":85,"column":4},"end":{"line":89,"column":4}}},"7":{"name":"upgradeTo","line":95,"loc":{"start":{"line":95,"column":4},"end":{"line":97,"column":4}}},"8":{"name":"upgradeToAndCall","line":106,"loc":{"start":{"line":106,"column":4},"end":{"line":110,"column":4}}},"9":{"name":null,"line":116,"loc":{"start":{"line":116,"column":4},"end":{"line":118,"column":4}}},"10":{"name":"implementation","line":128,"loc":{"start":{"line":128,"column":4},"end":{"line":133,"column":4}}},"11":{"name":"setImplementation","line":139,"loc":{"start":{"line":139,"column":4},"end":{"line":144,"column":4}}},"12":{"name":"_upgradeTo","line":150,"loc":{"start":{"line":150,"column":4},"end":{"line":155,"column":4}}},"13":{"name":"_fallback","line":157,"loc":{"start":{"line":157,"column":4},"end":{"line":174,"column":4}}},"14":{"name":"onlyProxyOwner","line":179,"loc":{"start":{"line":179,"column":4},"end":{"line":182,"column":4}}}},"statementMap":{"1":{"start":{"line":36,"column":8},"end":{"line":36,"column":41}},"2":{"start":{"line":44,"column":8},"end":{"line":44,"column":46}},"3":{"start":{"line":54,"column":8},"end":{"line":54,"column":46}},"4":{"start":{"line":65,"column":8},"end":{"line":65,"column":45}},"5":{"start":{"line":75,"column":8},"end":{"line":75,"column":45}},"6":{"start":{"line":86,"column":8},"end":{"line":86,"column":75}},"7":{"start":{"line":87,"column":8},"end":{"line":87,"column":62}},"8":{"start":{"line":88,"column":8},"end":{"line":88,"column":39}},"9":{"start":{"line":96,"column":8},"end":{"line":96,"column":36}},"10":{"start":{"line":107,"column":8},"end":{"line":107,"column":35}},"11":{"start":{"line":108,"column":8},"end":{"line":108,"column":71}},"12":{"start":{"line":109,"column":8},"end":{"line":109,"column":60}},"13":{"start":{"line":117,"column":8},"end":{"line":117,"column":18}},"14":{"start":{"line":129,"column":8},"end":{"line":129,"column":49}},"15":{"start":{"line":140,"column":8},"end":{"line":140,"column":49}},"16":{"start":{"line":151,"column":8},"end":{"line":151,"column":56}},"17":{"start":{"line":152,"column":8},"end":{"line":152,"column":95}},"18":{"start":{"line":153,"column":8},"end":{"line":153,"column":43}},"19":{"start":{"line":154,"column":8},"end":{"line":154,"column":40}},"20":{"start":{"line":158,"column":8},"end":{"line":158,"column":5582}},"21":{"start":{"line":159,"column":12},"end":{"line":159,"column":85}},"22":{"start":{"line":161,"column":8},"end":{"line":161,"column":40}},"23":{"start":{"line":162,"column":8},"end":{"line":162,"column":72}},"24":{"start":{"line":180,"column":8},"end":{"line":180,"column":81}}},"branchMap":{"1":{"line":53,"type":"if","locations":[{"start":{"line":53,"column":56},"end":{"line":53,"column":56}},{"start":{"line":53,"column":56},"end":{"line":53,"column":56}}]},"2":{"line":85,"type":"if","locations":[{"start":{"line":85,"column":61},"end":{"line":85,"column":61}},{"start":{"line":85,"column":61},"end":{"line":85,"column":61}}]},"3":{"line":86,"type":"if","locations":[{"start":{"line":86,"column":8},"end":{"line":86,"column":8}},{"start":{"line":86,"column":8},"end":{"line":86,"column":8}}]},"4":{"line":95,"type":"if","locations":[{"start":{"line":95,"column":57},"end":{"line":95,"column":57}},{"start":{"line":95,"column":57},"end":{"line":95,"column":57}}]},"5":{"line":106,"type":"if","locations":[{"start":{"line":106,"column":91},"end":{"line":106,"column":91}},{"start":{"line":106,"column":91},"end":{"line":106,"column":91}}]},"6":{"line":109,"type":"if","locations":[{"start":{"line":109,"column":8},"end":{"line":109,"column":8}},{"start":{"line":109,"column":8},"end":{"line":109,"column":8}}]},"7":{"line":152,"type":"if","locations":[{"start":{"line":152,"column":8},"end":{"line":152,"column":8}},{"start":{"line":152,"column":8},"end":{"line":152,"column":8}}]},"8":{"line":158,"type":"if","locations":[{"start":{"line":158,"column":8},"end":{"line":158,"column":8}},{"start":{"line":158,"column":8},"end":{"line":158,"column":8}}]},"9":{"line":159,"type":"if","locations":[{"start":{"line":159,"column":12},"end":{"line":159,"column":12}},{"start":{"line":159,"column":12},"end":{"line":159,"column":12}}]},"10":{"line":162,"type":"if","locations":[{"start":{"line":162,"column":8},"end":{"line":162,"column":8}},{"start":{"line":162,"column":8},"end":{"line":162,"column":8}}]},"11":{"line":180,"type":"if","locations":[{"start":{"line":180,"column":8},"end":{"line":180,"column":8}},{"start":{"line":180,"column":8},"end":{"line":180,"column":8}}]}}},"contracts/Relayer/BasicMetaTransaction.sol":{"l":{"14":0,"15":0,"18":0,"35":0,"36":0,"39":0,"41":0,"42":0,"43":0,"47":0,"52":0,"58":0,"59":0,"60":0,"61":0,"65":0,"66":0,"67":0,"68":0,"73":0},"path":"/home/user/Documents/Projects/finay/contracts/Relayer/BasicMetaTransaction.sol","s":{"1":0,"2":0,"3":0,"4":0,"5":0,"6":0,"7":0,"8":0,"9":0,"10":0,"11":0,"12":0,"13":0,"14":0,"15":0,"16":0},"b":{"1":[0,0],"2":[0,0],"3":[0,0],"4":[0,0]},"f":{"1":0,"2":0,"3":0,"4":0,"5":0,"6":0},"fnMap":{"1":{"name":"getChainID","line":13,"loc":{"start":{"line":13,"column":4},"end":{"line":19,"column":4}}},"2":{"name":"executeMetaTransaction","line":32,"loc":{"start":{"line":32,"column":4},"end":{"line":44,"column":4}}},"3":{"name":"getNonce","line":46,"loc":{"start":{"line":46,"column":4},"end":{"line":48,"column":4}}},"4":{"name":"prefixed","line":51,"loc":{"start":{"line":51,"column":4},"end":{"line":53,"column":4}}},"5":{"name":"verify","line":55,"loc":{"start":{"line":55,"column":4},"end":{"line":62,"column":4}}},"6":{"name":"_msgSender","line":64,"loc":{"start":{"line":64,"column":4},"end":{"line":75,"column":4}}}},"statementMap":{"1":{"start":{"line":14,"column":8},"end":{"line":14,"column":18}},"2":{"start":{"line":18,"column":8},"end":{"line":18,"column":17}},"3":{"start":{"line":35,"column":8},"end":{"line":35,"column":144}},"4":{"start":{"line":39,"column":8},"end":{"line":39,"column":118}},"5":{"start":{"line":41,"column":8},"end":{"line":41,"column":55}},"6":{"start":{"line":42,"column":8},"end":{"line":42,"column":89}},"7":{"start":{"line":43,"column":8},"end":{"line":43,"column":25}},"8":{"start":{"line":52,"column":8},"end":{"line":52,"column":84}},"9":{"start":{"line":58,"column":8},"end":{"line":58,"column":101}},"10":{"start":{"line":59,"column":8},"end":{"line":59,"column":58}},"11":{"start":{"line":60,"column":8},"end":{"line":60,"column":57}},"12":{"start":{"line":61,"column":2},"end":{"line":61,"column":26}},"13":{"start":{"line":65,"column":8},"end":{"line":65,"column":2794}},"14":{"start":{"line":66,"column":12},"end":{"line":66,"column":41}},"15":{"start":{"line":67,"column":12},"end":{"line":67,"column":43}},"16":{"start":{"line":73,"column":12},"end":{"line":73,"column":29}}},"branchMap":{"1":{"line":35,"type":"if","locations":[{"start":{"line":35,"column":8},"end":{"line":35,"column":8}},{"start":{"line":35,"column":8},"end":{"line":35,"column":8}}]},"2":{"line":41,"type":"if","locations":[{"start":{"line":41,"column":8},"end":{"line":41,"column":8}},{"start":{"line":41,"column":8},"end":{"line":41,"column":8}}]},"3":{"line":60,"type":"if","locations":[{"start":{"line":60,"column":8},"end":{"line":60,"column":8}},{"start":{"line":60,"column":8},"end":{"line":60,"column":8}}]},"4":{"line":65,"type":"if","locations":[{"start":{"line":65,"column":8},"end":{"line":65,"column":8}},{"start":{"line":65,"column":8},"end":{"line":65,"column":8}}]}}}}